{"/Users/xujie/work/what-seed/test/test.js":{"path":"/Users/xujie/work/what-seed/test/test.js","s":{"1":1,"2":1,"3":1,"4":1,"5":1,"6":1,"7":1,"8":0,"9":0,"10":0,"11":0,"12":0,"13":0,"14":0,"15":0,"16":0,"17":1,"18":1,"19":1,"20":1,"21":1,"22":1,"23":1,"24":1},"b":{"1":[0,0]},"f":{"1":0},"fnMap":{"1":{"name":"monkeyPatchInquirer","line":13,"loc":{"start":{"line":13,"column":0},"end":{"line":13,"column":39}}}},"statementMap":{"1":{"start":{"line":2,"column":0},"end":{"line":2,"column":34}},"2":{"start":{"line":3,"column":0},"end":{"line":3,"column":36}},"3":{"start":{"line":4,"column":0},"end":{"line":4,"column":30}},"4":{"start":{"line":5,"column":0},"end":{"line":5,"column":24}},"5":{"start":{"line":6,"column":0},"end":{"line":6,"column":28}},"6":{"start":{"line":11,"column":0},"end":{"line":11,"column":70}},"7":{"start":{"line":13,"column":0},"end":{"line":26,"column":1}},"8":{"start":{"line":15,"column":2},"end":{"line":25,"column":3}},"9":{"start":{"line":16,"column":4},"end":{"line":16,"column":33}},"10":{"start":{"line":17,"column":4},"end":{"line":17,"column":23}},"11":{"start":{"line":18,"column":4},"end":{"line":18,"column":42}},"12":{"start":{"line":19,"column":4},"end":{"line":19,"column":40}},"13":{"start":{"line":20,"column":4},"end":{"line":22,"column":5}},"14":{"start":{"line":21,"column":6},"end":{"line":21,"column":45}},"15":{"start":{"line":23,"column":4},"end":{"line":23,"column":32}},"16":{"start":{"line":24,"column":4},"end":{"line":24,"column":36}},"17":{"start":{"line":28,"column":0},"end":{"line":84,"column":2}},"18":{"start":{"line":29,"column":2},"end":{"line":40,"column":3}},"19":{"start":{"line":42,"column":2},"end":{"line":52,"column":3}},"20":{"start":{"line":54,"column":2},"end":{"line":61,"column":4}},"21":{"start":{"line":55,"column":4},"end":{"line":55,"column":42}},"22":{"start":{"line":56,"column":4},"end":{"line":56,"column":38}},"23":{"start":{"line":58,"column":4},"end":{"line":58,"column":73}},"24":{"start":{"line":59,"column":4},"end":{"line":59,"column":61}}},"branchMap":{"1":{"line":20,"type":"if","locations":[{"start":{"line":20,"column":4},"end":{"line":20,"column":4}},{"start":{"line":20,"column":4},"end":{"line":20,"column":4}}]}}},"/Users/xujie/work/what-seed/test/mock-copy-js/from.js":{"path":"/Users/xujie/work/what-seed/test/mock-copy-js/from.js","s":{"1":1},"b":{},"f":{},"fnMap":{},"statementMap":{"1":{"start":{"line":1,"column":0},"end":{"line":13,"column":1}}},"branchMap":{}}}